<?xml version="1.0" encoding="UTF-8"?>
<testng-results ignored="0" total="1" passed="1" failed="0" skipped="0">
  <reporter-output>
  </reporter-output>
  <suite started-at="2019-03-26T20:12:47Z" name="Default suite" finished-at="2019-03-26T20:12:58Z" duration-ms="11585">
    <groups>
    </groups>
    <test started-at="2019-03-26T20:12:47Z" name="Default test" finished-at="2019-03-26T20:12:58Z" duration-ms="11585">
      <class name="com.demoaut.newtours.Testscripts.BookTicketTest">
        <test-method is-config="true" signature="openbrowser()[pri:0, instance:com.demoaut.newtours.Testscripts.BookTicketTest@2aceadd4]" started-at="2019-03-26T20:12:47Z" name="openbrowser" finished-at="2019-03-26T20:12:51Z" duration-ms="4728" status="PASS">
          <reporter-output>
          </reporter-output>
        </test-method> <!-- openbrowser -->
        <test-method signature="ticketBooking()[pri:0, instance:com.demoaut.newtours.Testscripts.BookTicketTest@2aceadd4]" started-at="2019-03-26T20:12:51Z" name="ticketBooking" finished-at="2019-03-26T20:12:58Z" duration-ms="6698" status="PASS">
          <reporter-output>
          </reporter-output>
        </test-method> <!-- ticketBooking -->
        <test-method is-config="true" signature="closeBrowser()[pri:0, instance:com.demoaut.newtours.Testscripts.BookTicketTest@2aceadd4]" started-at="2019-03-26T20:12:58Z" name="closeBrowser" finished-at="2019-03-26T20:12:58Z" duration-ms="135" status="PASS">
          <reporter-output>
          </reporter-output>
        </test-method> <!-- closeBrowser -->
      </class> <!-- com.demoaut.newtours.Testscripts.BookTicketTest -->
    </test> <!-- Default test -->
  </suite> <!-- Default suite -->
</testng-results>
